[16:22:36] [main/INFO] (FabricLoader/GameProvider) Loading Minecraft 1.19.2 with Fabric Loader 0.14.9
[16:22:36] [main/WARN] (FabricLoader/Resolution) Warnings were found!
 - Mod 'Fabrishot' (fabrishot) 1.8.0 recommends version 5.0.0 or later of cloth-config2, which is missing!
	 - You should install version 5.0.0 or later of cloth-config2 for the optimal experience.
[16:22:36] [main/INFO] (FabricLoader) Loading 46 mods:
	- emeraldexpansions 1.0.0
	- fabric-api 0.60.0+1.19.2
	- fabric-api-base 0.4.11+e62f51a390
	- fabric-api-lookup-api-v1 1.6.9+9ff28f4090
	- fabric-biome-api-v1 9.0.17+aeb40ebe90
	- fabric-blockrenderlayer-v1 1.1.20+aeb40ebe90
	- fabric-client-tags-api-v1 1.0.1+b35fea8390
	- fabric-command-api-v2 2.1.7+0c17ea9690
	- fabric-content-registries-v0 3.2.3+aeb40ebe90
	- fabric-convention-tags-v1 1.1.1+7cd20a1490
	- fabric-crash-report-info-v1 0.2.5+aeb40ebe90
	- fabric-data-generation-api-v1 5.1.8+a680b9b490
	- fabric-dimensions-v1 2.1.30+aeb40ebe90
	- fabric-entity-events-v1 1.4.18+9ff28f4090
	- fabric-events-interaction-v0 0.4.28+aeb40ebe90
	- fabric-game-rule-api-v1 1.0.21+aeb40ebe90
	- fabric-gametest-api-v1 1.0.35+e62f51a390
	- fabric-item-api-v1 1.5.7+35a03c4390
	- fabric-item-groups-v0 0.3.28+aeb40ebe90
	- fabric-key-binding-api-v1 1.0.20+aeb40ebe90
	- fabric-lifecycle-events-v1 2.1.2+aeb40ebe90
	- fabric-loot-api-v2 1.1.3+83a8659290
	- fabric-message-api-v1 5.0.3+176380a290
	- fabric-mining-level-api-v1 2.1.14+33fbc73890
	- fabric-models-v0 0.3.17+aeb40ebe90
	- fabric-networking-api-v1 1.2.4+5eb68ef290
	- fabric-object-builder-api-v1 4.0.11+aeb40ebe90
	- fabric-particles-v1 1.0.10+aeb40ebe90
	- fabric-registry-sync-v0 0.9.24+aeb40ebe90
	- fabric-renderer-api-v1 1.0.10+aeb40ebe90
	- fabric-renderer-indigo 0.6.12+aeb40ebe90
	- fabric-rendering-data-attachment-v1 0.3.14+aeb40ebe90
	- fabric-rendering-fluids-v1 3.0.7+aeb40ebe90
	- fabric-rendering-v1 1.10.16+aeb40ebe90
	- fabric-resource-conditions-api-v1 2.0.11+e62f51a390
	- fabric-resource-loader-v0 0.6.1+aeb40ebe90
	- fabric-screen-api-v1 1.0.26+f05effaf90
	- fabric-screen-handler-api-v1 1.2.13+9ff28f4090
	- fabric-textures-v0 1.0.20+aeb40ebe90
	- fabric-transfer-api-v1 2.0.11+83a8659290
	- fabric-transitive-access-wideners-v1 1.3.0+42d99c3290
	- fabricloader 0.14.9
	- fabrishot 1.8.0
	- java 17
	- minecraft 1.19.2
	- modmenu 4.0.6
[16:22:44] [main/INFO] (FabricLoader/Mixin) SpongePowered MIXIN Subsystem Version=0.8.5 Source=file:/home/ubionexd/.gradle/caches/modules-2/files-2.1/net.fabricmc/sponge-mixin/0.11.4+mixin.0.8.5/c1dc27696aa4006e492c2485c9ccbcb26045a971/sponge-mixin-0.11.4+mixin.0.8.5.jar Service=Knot/Fabric Env=CLIENT
[16:22:44] [main/INFO] (FabricLoader/Mixin) Loaded Fabric development mappings for mixin remapper!
[16:22:44] [main/INFO] (FabricLoader/Mixin) Compatibility level set to JAVA_16
[16:22:44] [main/INFO] (FabricLoader/Mixin) Compatibility level set to JAVA_17
[16:22:46] [main/WARN] (FileUtil) Configuration conflict: there is more than one oshi.properties file on the classpath
[16:22:46] [main/WARN] (FileUtil) Configuration conflict: there is more than one oshi.architecture.properties file on the classpath
[16:22:52] [main/INFO] (Minecraft) Building optimized datafixer
[16:22:58] [Render thread/INFO] (Minecraft) Environment: authHost='https://authserver.mojang.com', accountsHost='https://api.mojang.com', sessionHost='https://sessionserver.mojang.com', servicesHost='https://api.minecraftservices.com', name='PROD'
[16:23:00] [Render thread/ERROR] (fabric-screen-api-v1) Failed to verify authentication
com.mojang.authlib.exceptions.InvalidCredentialsException: Status: 401
	at com.mojang.authlib.exceptions.MinecraftClientHttpException.toAuthenticationException(MinecraftClientHttpException.java:56) ~[authlib-3.11.49.jar:?]
	at com.mojang.authlib.yggdrasil.YggdrasilUserApiService.fetchProperties(YggdrasilUserApiService.java:155) ~[authlib-3.11.49.jar:?]
	at com.mojang.authlib.yggdrasil.YggdrasilUserApiService.<init>(YggdrasilUserApiService.java:55) ~[authlib-3.11.49.jar:?]
	at com.mojang.authlib.yggdrasil.YggdrasilAuthenticationService.createUserApiService(YggdrasilAuthenticationService.java:161) ~[authlib-3.11.49.jar:?]
	at net.minecraft.client.MinecraftClient.createUserApiService(MinecraftClient.java:711) [minecraft-project-@-merged-named.jar:?]
	at net.minecraft.client.MinecraftClient.<init>(MinecraftClient.java:431) [minecraft-project-@-merged-named.jar:?]
	at net.minecraft.client.main.Main.main(Main.java:205) [minecraft-project-@-merged-named.jar:?]
	at net.minecraft.client.main.Main.main(Main.java:51) [minecraft-project-@-merged-named.jar:?]
	at net.fabricmc.loader.impl.game.minecraft.MinecraftGameProvider.launch(MinecraftGameProvider.java:461) [fabric-loader-0.14.9.jar:?]
	at net.fabricmc.loader.impl.launch.knot.Knot.launch(Knot.java:74) [fabric-loader-0.14.9.jar:?]
	at net.fabricmc.loader.impl.launch.knot.KnotClient.main(KnotClient.java:23) [fabric-loader-0.14.9.jar:?]
	at net.fabricmc.devlaunchinjector.Main.main(Main.java:86) [dev-launch-injector-0.2.1+build.8.jar:?]
Caused by: com.mojang.authlib.exceptions.MinecraftClientHttpException: Status: 401
	at com.mojang.authlib.minecraft.client.MinecraftClient.readInputStream(MinecraftClient.java:85) ~[authlib-3.11.49.jar:?]
	at com.mojang.authlib.minecraft.client.MinecraftClient.get(MinecraftClient.java:48) ~[authlib-3.11.49.jar:?]
	at com.mojang.authlib.yggdrasil.YggdrasilUserApiService.fetchProperties(YggdrasilUserApiService.java:129) ~[authlib-3.11.49.jar:?]
	... 10 more
[16:23:00] [Render thread/INFO] (fabric-screen-api-v1) Setting user: Player594
[16:23:01] [Render thread/INFO] (Indigo) [Indigo] Registering Indigo renderer!
[16:23:02] [Render thread/INFO] (fabric-screen-api-v1) Backend library: LWJGL version 3.3.1 SNAPSHOT
[16:23:06] [Worker-Main-4/ERROR] (Minecraft) Failed to retrieve profile key pair
java.io.IOException: Could not retrieve profile key pair
	at net.minecraft.client.util.ProfileKeys.fetchKeyPair(ProfileKeys.java:130) ~[minecraft-project-@-merged-named.jar:?]
	at net.minecraft.client.util.ProfileKeys.method_44291(ProfileKeys.java:69) ~[minecraft-project-@-merged-named.jar:?]
	at java.util.concurrent.CompletableFuture$AsyncSupply.run(CompletableFuture.java:1768) [?:?]
	at java.util.concurrent.CompletableFuture$AsyncSupply.exec(CompletableFuture.java:1760) [?:?]
	at java.util.concurrent.ForkJoinTask.doExec(ForkJoinTask.java:373) [?:?]
	at java.util.concurrent.ForkJoinPool$WorkQueue.topLevelExec(ForkJoinPool.java:1182) [?:?]
	at java.util.concurrent.ForkJoinPool.scan(ForkJoinPool.java:1655) [?:?]
	at java.util.concurrent.ForkJoinPool.runWorker(ForkJoinPool.java:1622) [?:?]
	at java.util.concurrent.ForkJoinWorkerThread.run(ForkJoinWorkerThread.java:165) [?:?]
[16:23:06] [Render thread/WARN] (Minecraft) ERROR : Couldn't load Narrator library
java.lang.UnsatisfiedLinkError: libflite.so.1: cannot open shared object file: No such file or directory
	at com.sun.jna.Native.open(Native Method) ~[jna-5.10.0.jar:?]
	at com.sun.jna.NativeLibrary.loadLibrary(NativeLibrary.java:277) ~[jna-5.10.0.jar:?]
	at com.sun.jna.NativeLibrary.getInstance(NativeLibrary.java:461) ~[jna-5.10.0.jar:?]
	at com.sun.jna.NativeLibrary.getInstance(NativeLibrary.java:403) ~[jna-5.10.0.jar:?]
	at com.mojang.text2speech.NarratorLinux.<clinit>(NarratorLinux.java:18) [text2speech-1.13.9.jar:?]
	at com.mojang.text2speech.Narrator.getNarrator(Narrator.java:21) [text2speech-1.13.9.jar:?]
	at net.minecraft.client.util.NarratorManager.<init>(NarratorManager.java:19) [minecraft-project-@-merged-named.jar:?]
	at net.minecraft.client.MinecraftClient.<init>(MinecraftClient.java:637) [minecraft-project-@-merged-named.jar:?]
	at net.minecraft.client.main.Main.main(Main.java:205) [minecraft-project-@-merged-named.jar:?]
	at net.minecraft.client.main.Main.main(Main.java:51) [minecraft-project-@-merged-named.jar:?]
	at net.fabricmc.loader.impl.game.minecraft.MinecraftGameProvider.launch(MinecraftGameProvider.java:461) [fabric-loader-0.14.9.jar:?]
	at net.fabricmc.loader.impl.launch.knot.Knot.launch(Knot.java:74) [fabric-loader-0.14.9.jar:?]
	at net.fabricmc.loader.impl.launch.knot.KnotClient.main(KnotClient.java:23) [fabric-loader-0.14.9.jar:?]
	at net.fabricmc.devlaunchinjector.Main.main(Main.java:86) [dev-launch-injector-0.2.1+build.8.jar:?]
[16:23:06] [Render thread/INFO] (Minecraft) Reloading ResourceManager: Default, Fabric Mods (Fabric Screen API (v1), Fabrishot, Fabric Command API (v2), Fabric Resource Loader (v0), Fabric Item API (v1), Fabric Registry Sync (v0), Fabric API Lookup API (v1), Fabric Models (v0), Fabric Mining Level API (v1), Fabric Loader, Fabric Crash Report Info (v1), Fabric Rendering (v1), Fabric Convention Tags, Fabric Item Groups (v0), Fabric Textures (v0), Fabric Transfer API (v1), Fabric Particles (v1), Fabric Transitive Access Wideners (v1), Fabric Key Binding API (v1), Fabric Message API (v1), Fabric API, Fabric Entity Events (v1), Fabric Biome API (v1), Fabric BlockRenderLayer Registration (v1), Mod Menu, Fabric Object Builder API (v1), Fabric Loot API (v2), Fabric Client Tags, Fabric Lifecycle Events (v1), Fabric Renderer API (v1), Fabric Renderer - Indigo, Fabric Rendering Data Attachment (v1), Fabric Game Test API (v1), Fabric Networking API (v1), Emerald Expansions, Fabric Dimensions API (v1), Fabric Content Registries (v0), Fabric Rendering Fluids (v1), Fabric Data Generation API (v1), Fabric Events Interaction (v0), Fabric Game Rule API (v1), Fabric Resource Conditions API (v1), Fabric Screen Handler API (v1), Fabric API Base)
[16:23:08] [Realms Notification Availability checker #1/INFO] (Minecraft) Could not authorize you against Realms server: Invalid session id
[16:23:14] [Render thread/WARN] (Minecraft) Missing sound for event: minecraft:item.goat_horn.play
[16:23:14] [Render thread/WARN] (Minecraft) Missing sound for event: minecraft:entity.goat.screaming.horn_break
[16:23:14] [Render thread/ERROR] (Minecraft) Error starting SoundSystem. Turning off sounds & music
java.lang.IllegalStateException: Failed to open OpenAL device
	at net.minecraft.client.sound.SoundEngine.openDeviceOrFallback(SoundEngine.java:283) ~[minecraft-project-@-merged-named.jar:?]
	at net.minecraft.client.sound.SoundEngine.init(SoundEngine.java:153) ~[minecraft-project-@-merged-named.jar:?]
	at net.minecraft.client.sound.SoundSystem.start(SoundSystem.java:113) ~[minecraft-project-@-merged-named.jar:?]
	at net.minecraft.client.sound.SoundSystem.reloadSounds(SoundSystem.java:103) ~[minecraft-project-@-merged-named.jar:?]
	at net.minecraft.client.sound.SoundManager.apply(SoundManager.java:112) ~[minecraft-project-@-merged-named.jar:?]
	at net.minecraft.client.sound.SoundManager.apply(SoundManager.java:38) ~[minecraft-project-@-merged-named.jar:?]
	at net.minecraft.resource.SinglePreparationResourceReloader.method_18790(SinglePreparationResourceReloader.java:13) ~[minecraft-project-@-merged-named.jar:?]
	at java.util.concurrent.CompletableFuture$UniAccept.tryFire(CompletableFuture.java:718) ~[?:?]
	at java.util.concurrent.CompletableFuture$Completion.run(CompletableFuture.java:482) ~[?:?]
	at net.minecraft.resource.SimpleResourceReload.method_18365(SimpleResourceReload.java:69) ~[minecraft-project-@-merged-named.jar:?]
	at net.minecraft.util.thread.ThreadExecutor.execute(ThreadExecutor.java:103) ~[minecraft-project-@-merged-named.jar:?]
	at net.minecraft.resource.SimpleResourceReload.method_18367(SimpleResourceReload.java:68) ~[minecraft-project-@-merged-named.jar:?]
	at java.util.concurrent.CompletableFuture$UniCompletion.claim(CompletableFuture.java:572) ~[?:?]
	at java.util.concurrent.CompletableFuture$UniAccept.tryFire(CompletableFuture.java:714) ~[?:?]
	at java.util.concurrent.CompletableFuture.postComplete(CompletableFuture.java:510) ~[?:?]
	at java.util.concurrent.CompletableFuture.postFire(CompletableFuture.java:614) ~[?:?]
	at java.util.concurrent.CompletableFuture$UniAccept.tryFire(CompletableFuture.java:726) ~[?:?]
	at java.util.concurrent.CompletableFuture$Completion.run(CompletableFuture.java:482) ~[?:?]
	at com.mojang.blaze3d.systems.RenderSystem.replayQueue(RenderSystem.java:211) [minecraft-project-@-merged-named.jar:?]
	at com.mojang.blaze3d.systems.RenderSystem.flipFrame(RenderSystem.java:198) [minecraft-project-@-merged-named.jar:?]
	at net.minecraft.client.util.Window.swapBuffers(Window.java:315) [minecraft-project-@-merged-named.jar:?]
	at net.minecraft.client.MinecraftClient.render(MinecraftClient.java:1205) [minecraft-project-@-merged-named.jar:?]
	at net.minecraft.client.MinecraftClient.run(MinecraftClient.java:768) [minecraft-project-@-merged-named.jar:?]
	at net.minecraft.client.main.Main.main(Main.java:244) [minecraft-project-@-merged-named.jar:?]
	at net.minecraft.client.main.Main.main(Main.java:51) [minecraft-project-@-merged-named.jar:?]
	at net.fabricmc.loader.impl.game.minecraft.MinecraftGameProvider.launch(MinecraftGameProvider.java:461) [fabric-loader-0.14.9.jar:?]
	at net.fabricmc.loader.impl.launch.knot.Knot.launch(Knot.java:74) [fabric-loader-0.14.9.jar:?]
	at net.fabricmc.loader.impl.launch.knot.KnotClient.main(KnotClient.java:23) [fabric-loader-0.14.9.jar:?]
	at net.fabricmc.devlaunchinjector.Main.main(Main.java:86) [dev-launch-injector-0.2.1+build.8.jar:?]
[16:23:15] [Render thread/INFO] (Minecraft) Created: 1024x1024x4 minecraft:textures/atlas/blocks.png-atlas
[16:23:15] [Render thread/INFO] (Minecraft) Created: 256x128x4 minecraft:textures/atlas/signs.png-atlas
[16:23:15] [Render thread/INFO] (Minecraft) Created: 1024x512x4 minecraft:textures/atlas/banner_patterns.png-atlas
[16:23:15] [Render thread/INFO] (Minecraft) Created: 1024x512x4 minecraft:textures/atlas/shield_patterns.png-atlas
[16:23:15] [Render thread/INFO] (Minecraft) Created: 256x256x4 minecraft:textures/atlas/chest.png-atlas
[16:23:15] [Render thread/INFO] (Minecraft) Created: 512x256x4 minecraft:textures/atlas/beds.png-atlas
[16:23:15] [Render thread/INFO] (Minecraft) Created: 512x256x4 minecraft:textures/atlas/shulker_boxes.png-atlas
[16:23:17] [Render thread/WARN] (Minecraft) Shader rendertype_entity_translucent_emissive could not find sampler named Sampler2 in the specified shader program.
[16:23:17] [Render thread/INFO] (Minecraft) Created: 512x256x0 minecraft:textures/atlas/particles.png-atlas
[16:23:17] [Render thread/INFO] (Minecraft) Created: 256x256x0 minecraft:textures/atlas/paintings.png-atlas
[16:23:17] [Render thread/INFO] (Minecraft) Created: 256x128x0 minecraft:textures/atlas/mob_effects.png-atlas
[16:23:32] [Render thread/INFO] (Minecraft) Loaded 7 recipes
[16:23:33] [Render thread/INFO] (Minecraft) Loaded 1179 advancements
[16:23:37] [Worker-Main-8/ERROR] (Minecraft) Failed to retrieve profile key pair
java.io.IOException: Could not retrieve profile key pair
	at net.minecraft.client.util.ProfileKeys.fetchKeyPair(ProfileKeys.java:130) ~[minecraft-project-@-merged-named.jar:?]
	at net.minecraft.client.util.ProfileKeys.method_44291(ProfileKeys.java:69) ~[minecraft-project-@-merged-named.jar:?]
	at java.util.concurrent.CompletableFuture$AsyncSupply.run(CompletableFuture.java:1768) [?:?]
	at java.util.concurrent.CompletableFuture$AsyncSupply.exec(CompletableFuture.java:1760) [?:?]
	at java.util.concurrent.ForkJoinTask.doExec(ForkJoinTask.java:373) [?:?]
	at java.util.concurrent.ForkJoinPool$WorkQueue.topLevelExec(ForkJoinPool.java:1182) [?:?]
	at java.util.concurrent.ForkJoinPool.scan(ForkJoinPool.java:1655) [?:?]
	at java.util.concurrent.ForkJoinPool.runWorker(ForkJoinPool.java:1622) [?:?]
	at java.util.concurrent.ForkJoinWorkerThread.run(ForkJoinWorkerThread.java:165) [?:?]
[16:23:37] [Render thread/INFO] (BiomeModificationImpl) Applied 0 biome modifications to 0 of 63 new biomes in 4.476 ms
[16:23:37] [Server thread/INFO] (Minecraft) Starting integrated minecraft server version 1.19.2
[16:23:37] [Server thread/INFO] (Minecraft) Generating keypair
[16:23:39] [Server thread/INFO] (Minecraft) Preparing start region for dimension minecraft:overworld
[16:23:55] [Render thread/INFO] (Minecraft) Preparing spawn area: 0%
[16:23:55] [Render thread/INFO] (Minecraft) Preparing spawn area: 0%
[16:23:55] [Render thread/INFO] (Minecraft) Preparing spawn area: 0%
[16:23:55] [Render thread/INFO] (Minecraft) Preparing spawn area: 0%
[16:23:55] [Render thread/INFO] (Minecraft) Preparing spawn area: 0%
[16:23:55] [Render thread/INFO] (Minecraft) Preparing spawn area: 0%
[16:23:55] [Render thread/INFO] (Minecraft) Preparing spawn area: 0%
[16:23:55] [Render thread/INFO] (Minecraft) Preparing spawn area: 0%
[16:23:55] [Render thread/INFO] (Minecraft) Preparing spawn area: 0%
[16:23:55] [Render thread/INFO] (Minecraft) Preparing spawn area: 0%
[16:23:55] [Render thread/INFO] (Minecraft) Preparing spawn area: 0%
[16:23:55] [Render thread/INFO] (Minecraft) Preparing spawn area: 0%
[16:23:55] [Render thread/INFO] (Minecraft) Preparing spawn area: 0%
[16:23:55] [Render thread/INFO] (Minecraft) Preparing spawn area: 0%
[16:23:55] [Render thread/INFO] (Minecraft) Preparing spawn area: 0%
[16:23:55] [Render thread/INFO] (Minecraft) Preparing spawn area: 0%
[16:23:55] [Render thread/INFO] (Minecraft) Preparing spawn area: 0%
[16:23:55] [Render thread/INFO] (Minecraft) Preparing spawn area: 0%
[16:23:55] [Render thread/INFO] (Minecraft) Preparing spawn area: 0%
[16:23:55] [Render thread/INFO] (Minecraft) Preparing spawn area: 0%
[16:23:55] [Render thread/INFO] (Minecraft) Preparing spawn area: 0%
[16:23:55] [Render thread/INFO] (Minecraft) Preparing spawn area: 0%
[16:23:55] [Render thread/INFO] (Minecraft) Preparing spawn area: 0%
[16:23:55] [Render thread/INFO] (Minecraft) Preparing spawn area: 0%
[16:23:55] [Render thread/INFO] (Minecraft) Preparing spawn area: 0%
[16:23:55] [Render thread/INFO] (Minecraft) Preparing spawn area: 0%
[16:23:55] [Render thread/INFO] (Minecraft) Preparing spawn area: 0%
[16:23:55] [Render thread/INFO] (Minecraft) Preparing spawn area: 0%
[16:23:55] [Render thread/INFO] (Minecraft) Preparing spawn area: 0%
[16:23:55] [Render thread/INFO] (Minecraft) Preparing spawn area: 0%
[16:23:55] [Render thread/INFO] (Minecraft) Preparing spawn area: 0%
[16:23:55] [Render thread/INFO] (Minecraft) Preparing spawn area: 0%
[16:23:55] [Render thread/INFO] (Minecraft) Preparing spawn area: 0%
[16:23:55] [Render thread/INFO] (Minecraft) Preparing spawn area: 0%
[16:23:56] [Render thread/INFO] (Minecraft) Preparing spawn area: 9%
[16:23:56] [Render thread/INFO] (Minecraft) Preparing spawn area: 23%
[16:23:57] [Render thread/INFO] (Minecraft) Preparing spawn area: 43%
[16:23:57] [Render thread/INFO] (Minecraft) Preparing spawn area: 58%
[16:23:58] [Render thread/INFO] (Minecraft) Preparing spawn area: 76%
[16:23:58] [Render thread/INFO] (Minecraft) Preparing spawn area: 91%
[16:23:59] [Render thread/INFO] (Minecraft) Time elapsed: 19768 ms
[16:23:59] [Server thread/INFO] (Minecraft) Changing view distance to 2, from 10
[16:23:59] [Server thread/INFO] (Minecraft) Changing simulation distance to 5, from 0
[16:24:01] [Server thread/INFO] (Minecraft) Player594[local:E:57899d23] logged in with entity id 230 at (-212.2826319661786, 65.0, 593.7251409879183)
[16:24:01] [Server thread/INFO] (Minecraft) Player594 joined the game
[16:24:02] [Server thread/WARN] (Minecraft) Can't keep up! Is the server overloaded? Running 2949ms or 58 ticks behind
[16:24:07] [Render thread/INFO] (Minecraft) Loaded 0 advancements
[16:24:17] [Render thread/INFO] (Minecraft) [System] [CHAT] [Debug]: Unable to open game mode switcher; no permission
[16:24:18] [Server thread/INFO] (Minecraft) Saving and pausing game...
[16:24:19] [Server thread/INFO] (Minecraft) Saving chunks for level 'ServerLevel[New World]'/minecraft:overworld
[16:24:23] [Render thread/INFO] (Minecraft) Using default channel type
[16:24:23] [Render thread/INFO] (Minecraft) Started serving on 36777
[16:24:23] [Render thread/INFO] (Minecraft) [System] [CHAT] Local game hosted on port 36777
[16:24:24] [Server thread/INFO] (Minecraft) Saving chunks for level 'ServerLevel[New World]'/minecraft:the_nether
[16:24:24] [Server thread/INFO] (Minecraft) Saving chunks for level 'ServerLevel[New World]'/minecraft:the_end
[16:24:25] [Server thread/INFO] (Minecraft) [Player594: Set own game mode to Spectator Mode]
[16:24:25] [Render thread/INFO] (Minecraft) [System] [CHAT] Set own game mode to Spectator Mode
[16:24:27] [Server thread/WARN] (Minecraft) Can't keep up! Is the server overloaded? Running 9922ms or 198 ticks behind
[16:24:44] [Server thread/WARN] (Minecraft) Can't keep up! Is the server overloaded? Running 2757ms or 55 ticks behind
[16:24:48] [Server thread/INFO] (Minecraft) [Player594: Set own game mode to Creative Mode]
[16:24:48] [Render thread/INFO] (Minecraft) [System] [CHAT] Set own game mode to Creative Mode
[16:24:57] [Render thread/INFO] (Minecraft) Loaded 3 advancements
[16:25:05] [Render thread/INFO] (Minecraft) [System] [CHAT] Saved screenshot as huge_2022-08-21_16.25.02.png
[16:26:02] [Server thread/INFO] (Minecraft) [Player594: Summoned new Item Frame]
[16:26:02] [Render thread/INFO] (Minecraft) [System] [CHAT] Summoned new Item Frame
[16:26:15] [Server thread/INFO] (Minecraft) [Player594: Summoned new Item Frame]
[16:26:15] [Render thread/INFO] (Minecraft) [System] [CHAT] Summoned new Item Frame
[16:26:43] [Server thread/INFO] (Minecraft) [Player594: Summoned new Item Frame]
[16:26:43] [Render thread/INFO] (Minecraft) [System] [CHAT] Summoned new Item Frame
[16:26:47] [Server thread/INFO] (Minecraft) [Player594: Summoned new Item Frame]
[16:26:47] [Render thread/INFO] (Minecraft) [System] [CHAT] Summoned new Item Frame
[16:26:52] [Render thread/INFO] (Minecraft) Loaded 4 advancements
[16:26:55] [Server thread/INFO] (Minecraft) [Player594: Summoned new Item Frame]
[16:26:55] [Render thread/INFO] (Minecraft) [System] [CHAT] Summoned new Item Frame
[16:27:08] [Server thread/INFO] (Minecraft) [Player594: Summoned new Item Frame]
[16:27:08] [Render thread/INFO] (Minecraft) [System] [CHAT] Summoned new Item Frame
[16:28:26] [Server thread/INFO] (Minecraft) [Player594: Summoned new Item Frame]
[16:28:26] [Render thread/INFO] (Minecraft) [System] [CHAT] Summoned new Item Frame
[16:28:30] [Server thread/INFO] (Minecraft) [Player594: Summoned new Item Frame]
[16:28:30] [Render thread/INFO] (Minecraft) [System] [CHAT] Summoned new Item Frame
[16:30:01] [Server thread/INFO] (Minecraft) [Player594: Summoned new Armor Stand]
[16:30:01] [Render thread/INFO] (Minecraft) [System] [CHAT] Summoned new Armor Stand
[16:30:04] [Worker-Bootstrap-3/INFO] (Minecraft) 4283 Datafixer optimizations took 432475 milliseconds
[16:32:37] [Server thread/INFO] (Minecraft) [Player594: Modified entity data of Armor Stand]
[16:32:37] [Render thread/INFO] (Minecraft) [System] [CHAT] Modified entity data of Armor Stand
[16:32:56] [LanServerPinger #1/WARN] (Minecraft) LanServerPinger: Network is unreachable
[16:37:41] [Server thread/WARN] (Minecraft) Can't keep up! Is the server overloaded? Running 2050ms or 41 ticks behind
[16:37:58] [Server thread/INFO] (Minecraft) [Player594: Summoned new Armor Stand]
[16:37:58] [Render thread/INFO] (Minecraft) [System] [CHAT] Summoned new Armor Stand
[16:38:03] [Server thread/INFO] (Minecraft) [Player594: Summoned new Armor Stand]
[16:38:03] [Render thread/INFO] (Minecraft) [System] [CHAT] Summoned new Armor Stand
[16:38:10] [Server thread/INFO] (Minecraft) [Player594: Summoned new Armor Stand]
[16:38:10] [Render thread/INFO] (Minecraft) [System] [CHAT] Summoned new Armor Stand
[16:38:18] [Server thread/INFO] (Minecraft) [Player594: Summoned new Armor Stand]
[16:38:18] [Render thread/INFO] (Minecraft) [System] [CHAT] Summoned new Armor Stand
[16:38:40] [Server thread/INFO] (Minecraft) [Player594: Summoned new Armor Stand]
[16:38:40] [Render thread/INFO] (Minecraft) [System] [CHAT] Summoned new Armor Stand
[19:09:44] [Server thread/WARN] (Minecraft) Can't keep up! Is the server overloaded? Running 2139ms or 42 ticks behind
[19:11:24] [Server thread/INFO] (Minecraft) [Player594: Modified entity data of Armor Stand]
[19:11:24] [Render thread/INFO] (Minecraft) [System] [CHAT] Modified entity data of Armor Stand
[19:11:33] [Server thread/INFO] (Minecraft) [Player594: Modified entity data of Armor Stand]
[19:11:33] [Render thread/INFO] (Minecraft) [System] [CHAT] Modified entity data of Armor Stand
[19:12:53] [Render thread/INFO] (Minecraft) Loaded 5 advancements
[19:13:22] [Render thread/INFO] (Minecraft) [System] [CHAT] 5 is higher than the maximum level of 4 supported by that enchantment
[19:13:24] [Server thread/INFO] (Minecraft) [Player594: Applied enchantment Protection IV to Player594's item]
[19:13:25] [Render thread/INFO] (Minecraft) [System] [CHAT] Applied enchantment Protection IV to Player594's item
[19:13:27] [Server thread/INFO] (Minecraft) [Player594: Applied enchantment Protection IV to Player594's item]
[19:13:27] [Render thread/INFO] (Minecraft) [System] [CHAT] Applied enchantment Protection IV to Player594's item
[19:13:29] [Server thread/INFO] (Minecraft) [Player594: Applied enchantment Protection IV to Player594's item]
[19:13:29] [Render thread/INFO] (Minecraft) [System] [CHAT] Applied enchantment Protection IV to Player594's item
[19:13:33] [Server thread/INFO] (Minecraft) [Player594: Applied enchantment Protection IV to Player594's item]
[19:13:33] [Render thread/INFO] (Minecraft) [System] [CHAT] Applied enchantment Protection IV to Player594's item
[19:14:11] [Render thread/INFO] (Minecraft) [System] [CHAT] Saved screenshot as huge_2022-08-21_19.14.10.png
[19:17:45] [Render thread/INFO] (Minecraft) [System] [CHAT] Saved screenshot as huge_2022-08-21_19.17.44.png
[19:17:46] [Render thread/INFO] (Minecraft) [System] [CHAT] Saved screenshot as 2022-08-21_19.17.46.png
[19:19:33] [Render thread/INFO] (fabric-screen-api-v1) Stopping!
[19:19:33] [Server thread/INFO] (Minecraft) Player594 lost connection: Disconnected
[19:19:33] [Server thread/INFO] (Minecraft) Player594 left the game
[19:19:33] [Server thread/INFO] (Minecraft) Stopping singleplayer server as player logged out
[19:19:33] [Server thread/INFO] (Minecraft) Stopping server
[19:19:33] [Server thread/INFO] (Minecraft) Saving players
[19:19:33] [Server thread/INFO] (Minecraft) Saving worlds
[19:19:36] [Server thread/INFO] (Minecraft) Saving chunks for level 'ServerLevel[New World]'/minecraft:overworld
[19:19:36] [Server thread/INFO] (Minecraft) Saving chunks for level 'ServerLevel[New World]'/minecraft:the_nether
[19:19:36] [Server thread/INFO] (Minecraft) Saving chunks for level 'ServerLevel[New World]'/minecraft:the_end
[19:19:36] [Server thread/INFO] (Minecraft) ThreadedAnvilChunkStorage (New World): All chunks are saved
[19:19:36] [Server thread/INFO] (Minecraft) ThreadedAnvilChunkStorage (DIM-1): All chunks are saved
[19:19:36] [Server thread/INFO] (Minecraft) ThreadedAnvilChunkStorage (DIM1): All chunks are saved
[19:19:36] [Server thread/INFO] (Minecraft) ThreadedAnvilChunkStorage: All dimensions are saved
